Reference Version: Matrix Size = 8192, 0.35889 GFLOPS; Time = 0.74795 sec

Optimized Version 1: Loop interchange: Matrix Size = 8192, Time = 0.70209 sec, Speedup = 1.06533
No differences found between base and test versions

Optimized Version 2: Fission: Matrix Size = 8192, Time = 0.72491 sec, Speedup = 1.03179
No differences found between base and test versions

Optimized Version 3: 2 times inner loop unrolling: Matrix Size = 8192, Time = 0.70254 sec, Speedup = 1.06464
No differences found between base and test versions

Optimized Version 4: 2 times outer loop unrolling + inner loop jamming: Matrix Size = 8192, Time = 0.51300 sec, Speedup = 1.45800
No differences found between base and test versions

Optimized Version 5: 2x2 blocking: Matrix Size = 8192, Time = 0.53715 sec, Speedup = 1.39244
No differences found between base and test versions

Optimized Version 6: 4 times outer loop unrolling + inner loop jamming: Matrix Size = 8192, Time = 0.35708 sec, Speedup = 2.09464
No differences found between base and test versions

Optimized Version 7: 4x4 blocking: Matrix Size = 8192, Time = 0.41542 sec, Speedup = 1.80049
No differences found between base and test versions

Optimized Version 8: 8 times outer loop unrolling + inner loop jamming: Matrix Size = 8192, Time = 0.47429 sec, Speedup = 1.57700
No differences found between base and test versions

Optimized Version 9: 8x8 blocking: Matrix Size = 8192, Time = 0.51589 sec, Speedup = 1.44984
No differences found between base and test versions

Optimized Version 10: 4 times outer loop unrolling + inner loop jamming + ivdep: Matrix Size = 8192, Time = 0.35772 sec, Speedup = 2.09088
No differences found between base and test versions

Optimized Version 11: 4x4 blocking + ivdep: Matrix Size = 8192, Time = 0.41641 sec, Speedup = 1.79620
No differences found between base and test versions

Optimized Version 12: 4 times outer loop unrolling + inner loop jamming + ivdep + restrict: Matrix Size = 8192, Time = 0.27281 sec, Speedup = 2.74171
No differences found between base and test versions

Optimized Version 13: 4x4 blocking + ivdep + restrict: Matrix Size = 8192, Time = 0.37413 sec, Speedup = 1.99920
No differences found between base and test versions

Optimized Version 14: 4 times outer loop unrolling + inner loop jamming + ivdep + restrict + aligned: Matrix Size = 8192, Time = 0.26578 sec, Speedup = 2.81418
No differences found between base and test versions

Optimized Version 15: 4x4 blocking + ivdep + restrict + aligned: Matrix Size = 8192, Time = 0.37343 sec, Speedup = 2.00295
No differences found between base and test versions

Intrinsics Version: Optimized Version 14 (4 times outer loop unrolling + inner loop jamming + ivdep + restrict + aligned): Matrix Size = 8192, Time = 0.28887 sec, Speedup = 2.58921
No differences found between base and test versions