Reference Version: Matrix Size = 8192, 0.39204 GFLOPS; Time = 0.68471 sec

Optimized Version 1: Loop interchange: Matrix Size = 8192, Time = 0.62893 sec, Speedup = 1.08869
No differences found between base and test versions

Optimized Version 2: Fission: Matrix Size = 8192, Time = 0.71324 sec, Speedup = 0.96000
No differences found between base and test versions

Optimized Version 3: 2 times inner loop unrolling: Matrix Size = 8192, Time = 0.72218 sec, Speedup = 0.94812
No differences found between base and test versions

Optimized Version 4: 2 times outer loop unrolling + inner loop jamming: Matrix Size = 8192, Time = 0.52214 sec, Speedup = 1.31135
No differences found between base and test versions

Optimized Version 5: 2x2 blocking: Matrix Size = 8192, Time = 0.49312 sec, Speedup = 1.38854
No differences found between base and test versions

Optimized Version 6: 4 times outer loop unrolling + inner loop jamming: Matrix Size = 8192, Time = 0.36615 sec, Speedup = 1.87006
No differences found between base and test versions

Optimized Version 7: 4x4 blocking: Matrix Size = 8192, Time = 0.38081 sec, Speedup = 1.79806
No differences found between base and test versions

Optimized Version 8: 8 times outer loop unrolling + inner loop jamming: Matrix Size = 8192, Time = 0.47556 sec, Speedup = 1.43979
No differences found between base and test versions

Optimized Version 9: 8x8 blocking: Matrix Size = 8192, Time = 0.51804 sec, Speedup = 1.32174
No differences found between base and test versions

Optimized Version 10: 4 times outer loop unrolling + inner loop jamming + ivdep: Matrix Size = 8192, Time = 0.27424 sec, Speedup = 2.49675
No differences found between base and test versions

Optimized Version 11: 4x4 blocking + ivdep: Matrix Size = 8192, Time = 0.38155 sec, Speedup = 1.79458
No differences found between base and test versions

Optimized Version 12: 4 times outer loop unrolling + inner loop jamming + ivdep + restrict: Matrix Size = 8192, Time = 0.23573 sec, Speedup = 2.90461
No differences found between base and test versions

Optimized Version 13: 4x4 blocking + ivdep + restrict: Matrix Size = 8192, Time = 0.33540 sec, Speedup = 2.04151
No differences found between base and test versions

Optimized Version 14: 4 times outer loop unrolling + inner loop jamming + ivdep + restrict + aligned: Matrix Size = 8192, Time = 0.25099 sec, Speedup = 2.72803
No differences found between base and test versions

Optimized Version 15: 4x4 blocking + ivdep + restrict + aligned: Matrix Size = 8192, Time = 0.33698 sec, Speedup = 2.03191
No differences found between base and test versions

Intrinsics Version: Optimized Version 14 (4 times outer loop unrolling + inner loop jamming + ivdep + restrict + aligned): Matrix Size = 8192, Time = 0.29261 sec, Speedup = 2.34002
No differences found between base and test versions