g++ -O2 -mavx -mavx2 -march=native -o problem1 problem1.cpp && ./problem1
Reference Version: Matrix Size = 8192, 0.35774 GFLOPS; Time = 0.75036 sec

Loop interchange: Matrix Size = 8192, Time = 0.71160 sec, Speedup = 1.05447
No differences found between base and test versions

Fission: Matrix Size = 8192, Time = 0.74392 sec, Speedup = 1.00865
No differences found between base and test versions

2 times inner loop unrolling: Matrix Size = 8192, Time = 0.73422 sec, Speedup = 1.02198
No differences found between base and test versions

2 times outer loop unrolling + inner loop jamming: Matrix Size = 8192, Time = 0.52711 sec, Speedup = 1.42354
No differences found between base and test versions

2x2 blocking: Matrix Size = 8192, Time = 0.55296 sec, Speedup = 1.35698
No differences found between base and test versions

4 times outer loop unrolling + inner loop jamming: Matrix Size = 8192, Time = 0.36963 sec, Speedup = 2.03005
No differences found between base and test versions

4x4 blocking: Matrix Size = 8192, Time = 0.42900 sec, Speedup = 1.74908
No differences found between base and test versions

8 times outer loop unrolling + inner loop jamming: Matrix Size = 8192, Time = 0.48080 sec, Speedup = 1.56063
No differences found between base and test versions

8x8 blocking: Matrix Size = 8192, Time = 0.51646 sec, Speedup = 1.45289
No differences found between base and test versions

4 times outer loop unrolling + inner loop jamming + ivdep: Matrix Size = 8192, Time = 0.36438 sec, Speedup = 2.05925
No differences found between base and test versions

4x4 blocking + ivdep: Matrix Size = 8192, Time = 0.42279 sec, Speedup = 1.77476
No differences found between base and test versions

4 times outer loop unrolling + inner loop jamming + ivdep + restrict: Matrix Size = 8192, Time = 0.27678 sec, Speedup = 2.71105
No differences found between base and test versions

4x4 blocking + ivdep + restrict: Matrix Size = 8192, Time = 0.37973 sec, Speedup = 1.97601
No differences found between base and test versions

4 times outer loop unrolling + inner loop jamming + ivdep + restrict + aligned: Matrix Size = 8192, Time = 0.11455 sec, Speedup = 6.55056
8192 Diffs found over threshold 0.00000; Max Diff = 447290032.50000

4x4 blocking + ivdep + restrict + aligned: Matrix Size = 8192, Time = 0.14189 sec, Speedup = 5.28835
8192 Diffs found over threshold 0.00000; Max Diff = 447290032.50000

Intrinsics Version: 4 times outer loop unrolling + inner loop jamming + ivdep + restrict + aligned: Matrix Size = 8192, Time = 0.10765 sec, Speedup = 6.97027
8192 Diffs found over threshold 0.00000; Max Diff = 447290032.50000